Started GET "/users/new" for ::1 at 2019-12-01 16:11:03 -0800
DEPRECATION WARNING: ActiveRecord::Base.raise_in_transactional_callbacks= is deprecated, has no effect and will be removed without replacement. (called from block (3 levels) in <class:Railtie> at /Library/Ruby/Gems/2.6.0/gems/activerecord-5.0.7.2/lib/active_record/railtie.rb:113)
  
ActionController::RoutingError (No route matches [GET] "/users/new"):
  
actionpack (5.0.7.2) lib/action_dispatch/middleware/debug_exceptions.rb:53:in `call'
web-console (3.7.0) lib/web_console/middleware.rb:135:in `call_app'
web-console (3.7.0) lib/web_console/middleware.rb:30:in `block in call'
web-console (3.7.0) lib/web_console/middleware.rb:20:in `catch'
web-console (3.7.0) lib/web_console/middleware.rb:20:in `call'
actionpack (5.0.7.2) lib/action_dispatch/middleware/show_exceptions.rb:31:in `call'
railties (5.0.7.2) lib/rails/rack/logger.rb:36:in `call_app'
railties (5.0.7.2) lib/rails/rack/logger.rb:24:in `block in call'
activesupport (5.0.7.2) lib/active_support/tagged_logging.rb:69:in `block in tagged'
activesupport (5.0.7.2) lib/active_support/tagged_logging.rb:26:in `tagged'
activesupport (5.0.7.2) lib/active_support/tagged_logging.rb:69:in `tagged'
railties (5.0.7.2) lib/rails/rack/logger.rb:24:in `call'
actionpack (5.0.7.2) lib/action_dispatch/middleware/request_id.rb:24:in `call'
rack (2.0.7) lib/rack/method_override.rb:22:in `call'
rack (2.0.7) lib/rack/runtime.rb:22:in `call'
activesupport (5.0.7.2) lib/active_support/cache/strategy/local_cache_middleware.rb:28:in `call'
actionpack (5.0.7.2) lib/action_dispatch/middleware/executor.rb:12:in `call'
rack-livereload (0.3.17) lib/rack/livereload.rb:23:in `_call'
rack-livereload (0.3.17) lib/rack/livereload.rb:14:in `call'
actionpack (5.0.7.2) lib/action_dispatch/middleware/static.rb:136:in `call'
rack (2.0.7) lib/rack/sendfile.rb:111:in `call'
railties (5.0.7.2) lib/rails/engine.rb:522:in `call'
puma (3.12.1) lib/puma/configuration.rb:227:in `call'
puma (3.12.1) lib/puma/server.rb:660:in `handle_request'
puma (3.12.1) lib/puma/server.rb:474:in `process_client'
puma (3.12.1) lib/puma/server.rb:334:in `block in run'
puma (3.12.1) lib/puma/thread_pool.rb:135:in `block in spawn_thread'
  Rendering /Library/Ruby/Gems/2.6.0/gems/actionpack-5.0.7.2/lib/action_dispatch/middleware/templates/rescues/routing_error.html.erb within rescues/layout
  Rendering /Library/Ruby/Gems/2.6.0/gems/actionpack-5.0.7.2/lib/action_dispatch/middleware/templates/rescues/_trace.html.erb
  Rendered /Library/Ruby/Gems/2.6.0/gems/actionpack-5.0.7.2/lib/action_dispatch/middleware/templates/rescues/_trace.html.erb (0.6ms)
  Rendered collection of /Library/Ruby/Gems/2.6.0/gems/actionpack-5.0.7.2/lib/action_dispatch/middleware/templates/routes/_route.html.erb [1 times] (0.6ms)
  Rendered /Library/Ruby/Gems/2.6.0/gems/actionpack-5.0.7.2/lib/action_dispatch/middleware/templates/routes/_table.html.erb (4.9ms)
  Rendering /Library/Ruby/Gems/2.6.0/gems/actionpack-5.0.7.2/lib/action_dispatch/middleware/templates/rescues/_request_and_response.html.erb
  Rendered /Library/Ruby/Gems/2.6.0/gems/actionpack-5.0.7.2/lib/action_dispatch/middleware/templates/rescues/_request_and_response.html.erb (7.0ms)
  Rendered /Library/Ruby/Gems/2.6.0/gems/actionpack-5.0.7.2/lib/action_dispatch/middleware/templates/rescues/routing_error.html.erb within rescues/layout (32.1ms)
Started GET "/" for ::1 at 2019-12-01 16:11:07 -0800
Processing by StaticPagesController#index as HTML
  Rendering static_pages/index.html.erb within layouts/application
  Rendered shared/_main_nav.html.erb (0.2ms)
  Rendered shared/_masthead.html.erb (0.2ms)
  Rendered shared/_sections_nav.html.erb (0.2ms)
  Rendered shared/_search_modal.html.erb (0.2ms)
  Rendered shared/_main_content.html.erb (0.2ms)
  Rendered static_pages/index.html.erb within layouts/application (5.3ms)
Completed 200 OK in 356ms (Views: 355.1ms | ActiveRecord: 0.0ms)


Started GET "/assets/jquery_ujs.self-784a997f6726036b1993eb2217c9cb558e1cbb801c6da88105588c56f13b466a.js?body=1" for ::1 at 2019-12-01 16:11:07 -0800
Started GET "/assets/components/modal.self-52188644dbb47def5ee35ae02e69eb567ca9b664472357a8a5789dd39032a265.js?body=1" for ::1 at 2019-12-01 16:11:07 -0800
Started GET "/assets/components/sidebar.self-2a1277f850a6fa21e1a974ef5152f177ac05516477d5081d593bb137b3d6808b.js?body=1" for ::1 at 2019-12-01 16:11:07 -0800
Started GET "/assets/components/dropdown.self-815016af6fab1d5b72abd319213bf62f0c42bab2c585d2e059543ae704a0d74c.js?body=1" for ::1 at 2019-12-01 16:11:07 -0800
Started GET "/assets/jquery.self-bd7ddd393353a8d2480a622e80342adf488fb6006d667e8b42e4c0073393abee.js?body=1" for ::1 at 2019-12-01 16:11:07 -0800
Started GET "/assets/application.self-4d1ae3310563b7ad09ce23e84781bd13b2ad1dc022ac3c6ba062244662c529cf.css?body=1" for ::1 at 2019-12-01 16:11:07 -0800
Started GET "/assets/application.self-f571b9db02bf4ed04c38a6a29072ac382f7d4f47db1fab9817aeadb0d8665235.js?body=1" for ::1 at 2019-12-01 16:11:07 -0800
Started GET "/" for ::1 at 2019-12-01 16:11:57 -0800
Processing by StaticPagesController#index as HTML
  Rendering static_pages/index.html.erb within layouts/application
  Rendered shared/_main_nav.html.erb (0.2ms)
  Rendered shared/_masthead.html.erb (0.2ms)
  Rendered shared/_sections_nav.html.erb (0.2ms)
  Rendered shared/_search_modal.html.erb (0.2ms)
  Rendered shared/_main_content.html.erb (0.2ms)
  Rendered static_pages/index.html.erb within layouts/application (5.5ms)
Completed 200 OK in 28ms (Views: 27.4ms | ActiveRecord: 0.0ms)


Started GET "/assets/application.self-4d1ae3310563b7ad09ce23e84781bd13b2ad1dc022ac3c6ba062244662c529cf.css?body=1&livereload=1575249038668" for ::1 at 2019-12-01 17:10:38 -0800
Started GET "/assets/application.self-4d1ae3310563b7ad09ce23e84781bd13b2ad1dc022ac3c6ba062244662c529cf.css?body=1&livereload=1575249038669" for ::1 at 2019-12-01 17:10:38 -0800
Started GET "/assets/application.self-4d1ae3310563b7ad09ce23e84781bd13b2ad1dc022ac3c6ba062244662c529cf.css?body=1&livereload=1575249039765" for ::1 at 2019-12-01 17:10:39 -0800
Started GET "/assets/application.self-4d1ae3310563b7ad09ce23e84781bd13b2ad1dc022ac3c6ba062244662c529cf.css?body=1&livereload=1575249039767" for ::1 at 2019-12-01 17:10:39 -0800
Started GET "/assets/application.self-4d1ae3310563b7ad09ce23e84781bd13b2ad1dc022ac3c6ba062244662c529cf.css?body=1&livereload=1575249044382" for ::1 at 2019-12-01 17:10:44 -0800
Started GET "/assets/application.self-4d1ae3310563b7ad09ce23e84781bd13b2ad1dc022ac3c6ba062244662c529cf.css?body=1&livereload=1575249044383" for ::1 at 2019-12-01 17:10:44 -0800
Started GET "/assets/application.self-4d1ae3310563b7ad09ce23e84781bd13b2ad1dc022ac3c6ba062244662c529cf.css?body=1&livereload=1575249047135" for ::1 at 2019-12-01 17:10:47 -0800
Started GET "/assets/application.self-4d1ae3310563b7ad09ce23e84781bd13b2ad1dc022ac3c6ba062244662c529cf.css?body=1&livereload=1575249047136" for ::1 at 2019-12-01 17:10:47 -0800
Started GET "/assets/application.self-4d1ae3310563b7ad09ce23e84781bd13b2ad1dc022ac3c6ba062244662c529cf.css?body=1&livereload=1575249051566" for ::1 at 2019-12-01 17:10:51 -0800
Started GET "/assets/application.self-4d1ae3310563b7ad09ce23e84781bd13b2ad1dc022ac3c6ba062244662c529cf.css?body=1&livereload=1575249051567" for ::1 at 2019-12-01 17:10:51 -0800
Started GET "/assets/application.self-4d1ae3310563b7ad09ce23e84781bd13b2ad1dc022ac3c6ba062244662c529cf.css?body=1&livereload=1575249055532" for ::1 at 2019-12-01 17:10:55 -0800
Started GET "/assets/application.self-4d1ae3310563b7ad09ce23e84781bd13b2ad1dc022ac3c6ba062244662c529cf.css?body=1&livereload=1575249055533" for ::1 at 2019-12-01 17:10:55 -0800
Started GET "/assets/application.self-4d1ae3310563b7ad09ce23e84781bd13b2ad1dc022ac3c6ba062244662c529cf.css?body=1&livereload=1575249062359" for ::1 at 2019-12-01 17:11:02 -0800
Started GET "/assets/application.self-4d1ae3310563b7ad09ce23e84781bd13b2ad1dc022ac3c6ba062244662c529cf.css?body=1&livereload=1575249062360" for ::1 at 2019-12-01 17:11:02 -0800
Started GET "/assets/application.self-4d1ae3310563b7ad09ce23e84781bd13b2ad1dc022ac3c6ba062244662c529cf.css?body=1&livereload=1575249071241" for ::1 at 2019-12-01 17:11:11 -0800
Started GET "/assets/application.self-4d1ae3310563b7ad09ce23e84781bd13b2ad1dc022ac3c6ba062244662c529cf.css?body=1&livereload=1575249071244" for ::1 at 2019-12-01 17:11:11 -0800
Started GET "/assets/application.self-4d1ae3310563b7ad09ce23e84781bd13b2ad1dc022ac3c6ba062244662c529cf.css?body=1&livereload=1575249146783" for ::1 at 2019-12-01 17:12:26 -0800
Started GET "/assets/application.self-4d1ae3310563b7ad09ce23e84781bd13b2ad1dc022ac3c6ba062244662c529cf.css?body=1&livereload=1575249146784" for ::1 at 2019-12-01 17:12:26 -0800
Started GET "/assets/application.self-4d1ae3310563b7ad09ce23e84781bd13b2ad1dc022ac3c6ba062244662c529cf.css?body=1&livereload=1575249156751" for ::1 at 2019-12-01 17:12:36 -0800
Started GET "/assets/application.self-4d1ae3310563b7ad09ce23e84781bd13b2ad1dc022ac3c6ba062244662c529cf.css?body=1&livereload=1575249156752" for ::1 at 2019-12-01 17:12:36 -0800
Started GET "/assets/application.self-4d1ae3310563b7ad09ce23e84781bd13b2ad1dc022ac3c6ba062244662c529cf.css?body=1&livereload=1575249158968" for ::1 at 2019-12-01 17:12:38 -0800
Started GET "/assets/application.self-4d1ae3310563b7ad09ce23e84781bd13b2ad1dc022ac3c6ba062244662c529cf.css?body=1&livereload=1575249158969" for ::1 at 2019-12-01 17:12:38 -0800
Started GET "/assets/application.self-4d1ae3310563b7ad09ce23e84781bd13b2ad1dc022ac3c6ba062244662c529cf.css?body=1&livereload=1575249160909" for ::1 at 2019-12-01 17:12:40 -0800
Started GET "/assets/application.self-4d1ae3310563b7ad09ce23e84781bd13b2ad1dc022ac3c6ba062244662c529cf.css?body=1&livereload=1575249160910" for ::1 at 2019-12-01 17:12:40 -0800
Started GET "/assets/application.self-4d1ae3310563b7ad09ce23e84781bd13b2ad1dc022ac3c6ba062244662c529cf.css?body=1&livereload=1575249163785" for ::1 at 2019-12-01 17:12:43 -0800
Started GET "/assets/application.self-4d1ae3310563b7ad09ce23e84781bd13b2ad1dc022ac3c6ba062244662c529cf.css?body=1&livereload=1575249163786" for ::1 at 2019-12-01 17:12:43 -0800
Started GET "/assets/application.self-4d1ae3310563b7ad09ce23e84781bd13b2ad1dc022ac3c6ba062244662c529cf.css?body=1&livereload=1575249167780" for ::1 at 2019-12-01 17:12:47 -0800
Started GET "/assets/application.self-4d1ae3310563b7ad09ce23e84781bd13b2ad1dc022ac3c6ba062244662c529cf.css?body=1&livereload=1575249167781" for ::1 at 2019-12-01 17:12:47 -0800
Started GET "/assets/application.self-4d1ae3310563b7ad09ce23e84781bd13b2ad1dc022ac3c6ba062244662c529cf.css?body=1&livereload=1575249170092" for ::1 at 2019-12-01 17:12:50 -0800
Started GET "/assets/application.self-4d1ae3310563b7ad09ce23e84781bd13b2ad1dc022ac3c6ba062244662c529cf.css?body=1&livereload=1575249170093" for ::1 at 2019-12-01 17:12:50 -0800
Started GET "/assets/application.self-4d1ae3310563b7ad09ce23e84781bd13b2ad1dc022ac3c6ba062244662c529cf.css?body=1&livereload=1575249172401" for ::1 at 2019-12-01 17:12:52 -0800
Started GET "/assets/application.self-4d1ae3310563b7ad09ce23e84781bd13b2ad1dc022ac3c6ba062244662c529cf.css?body=1&livereload=1575249172402" for ::1 at 2019-12-01 17:12:52 -0800
Started GET "/assets/application.self-4d1ae3310563b7ad09ce23e84781bd13b2ad1dc022ac3c6ba062244662c529cf.css?body=1&livereload=1575249174075" for ::1 at 2019-12-01 17:12:54 -0800
Started GET "/assets/application.self-4d1ae3310563b7ad09ce23e84781bd13b2ad1dc022ac3c6ba062244662c529cf.css?body=1&livereload=1575249174076" for ::1 at 2019-12-01 17:12:54 -0800
Started GET "/assets/application.self-4d1ae3310563b7ad09ce23e84781bd13b2ad1dc022ac3c6ba062244662c529cf.css?body=1&livereload=1575249176297" for ::1 at 2019-12-01 17:12:56 -0800
Started GET "/assets/application.self-4d1ae3310563b7ad09ce23e84781bd13b2ad1dc022ac3c6ba062244662c529cf.css?body=1&livereload=1575249176298" for ::1 at 2019-12-01 17:12:56 -0800
Started GET "/assets/application.self-4d1ae3310563b7ad09ce23e84781bd13b2ad1dc022ac3c6ba062244662c529cf.css?body=1&livereload=1575249181570" for ::1 at 2019-12-01 17:13:01 -0800
Started GET "/assets/application.self-4d1ae3310563b7ad09ce23e84781bd13b2ad1dc022ac3c6ba062244662c529cf.css?body=1&livereload=1575249181571" for ::1 at 2019-12-01 17:13:01 -0800
Started GET "/assets/application.self-4d1ae3310563b7ad09ce23e84781bd13b2ad1dc022ac3c6ba062244662c529cf.css?body=1&livereload=1575249192209" for ::1 at 2019-12-01 17:13:12 -0800
Started GET "/assets/application.self-4d1ae3310563b7ad09ce23e84781bd13b2ad1dc022ac3c6ba062244662c529cf.css?body=1&livereload=1575249192211" for ::1 at 2019-12-01 17:13:12 -0800
Started GET "/assets/application.self-4d1ae3310563b7ad09ce23e84781bd13b2ad1dc022ac3c6ba062244662c529cf.css?body=1&livereload=1575249196553" for ::1 at 2019-12-01 17:13:16 -0800
Started GET "/assets/application.self-4d1ae3310563b7ad09ce23e84781bd13b2ad1dc022ac3c6ba062244662c529cf.css?body=1&livereload=1575249196554" for ::1 at 2019-12-01 17:13:16 -0800
Started GET "/assets/application.self-4d1ae3310563b7ad09ce23e84781bd13b2ad1dc022ac3c6ba062244662c529cf.css?body=1&livereload=1575249197761" for ::1 at 2019-12-01 17:13:17 -0800
Started GET "/assets/application.self-4d1ae3310563b7ad09ce23e84781bd13b2ad1dc022ac3c6ba062244662c529cf.css?body=1&livereload=1575249197762" for ::1 at 2019-12-01 17:13:17 -0800
Started GET "/assets/application.self-4d1ae3310563b7ad09ce23e84781bd13b2ad1dc022ac3c6ba062244662c529cf.css?body=1&livereload=1575249261889" for ::1 at 2019-12-01 17:14:21 -0800
Started GET "/assets/application.self-4d1ae3310563b7ad09ce23e84781bd13b2ad1dc022ac3c6ba062244662c529cf.css?body=1&livereload=1575249261889&livereload=1575249261889" for ::1 at 2019-12-01 17:14:21 -0800
Started GET "/assets/application.self-4d1ae3310563b7ad09ce23e84781bd13b2ad1dc022ac3c6ba062244662c529cf.css?body=1&livereload=1575249922810&livereload=1575249261889" for ::1 at 2019-12-01 17:25:22 -0800
Started GET "/assets/application.self-4d1ae3310563b7ad09ce23e84781bd13b2ad1dc022ac3c6ba062244662c529cf.css?body=1&livereload=1575249922811&livereload=1575249261889" for ::1 at 2019-12-01 17:25:22 -0800
Started GET "/assets/application.self-4d1ae3310563b7ad09ce23e84781bd13b2ad1dc022ac3c6ba062244662c529cf.css?body=1&livereload=1575249926224&livereload=1575249261889" for ::1 at 2019-12-01 17:25:26 -0800
Started GET "/assets/application.self-4d1ae3310563b7ad09ce23e84781bd13b2ad1dc022ac3c6ba062244662c529cf.css?body=1&livereload=1575249926225&livereload=1575249261889" for ::1 at 2019-12-01 17:25:26 -0800
Started GET "/assets/application.self-4d1ae3310563b7ad09ce23e84781bd13b2ad1dc022ac3c6ba062244662c529cf.css?body=1&livereload=1575249935994&livereload=1575249261889" for ::1 at 2019-12-01 17:25:35 -0800
Started GET "/assets/application.self-4d1ae3310563b7ad09ce23e84781bd13b2ad1dc022ac3c6ba062244662c529cf.css?body=1&livereload=1575249935995&livereload=1575249261889" for ::1 at 2019-12-01 17:25:35 -0800
Started GET "/assets/application.self-4d1ae3310563b7ad09ce23e84781bd13b2ad1dc022ac3c6ba062244662c529cf.css?body=1&livereload=1575249940346&livereload=1575249261889" for ::1 at 2019-12-01 17:25:40 -0800
Started GET "/assets/application.self-4d1ae3310563b7ad09ce23e84781bd13b2ad1dc022ac3c6ba062244662c529cf.css?body=1&livereload=1575249940347&livereload=1575249261889" for ::1 at 2019-12-01 17:25:40 -0800
Started GET "/assets/application.self-4d1ae3310563b7ad09ce23e84781bd13b2ad1dc022ac3c6ba062244662c529cf.css?body=1&livereload=1575249951615&livereload=1575249261889" for ::1 at 2019-12-01 17:25:51 -0800
Started GET "/assets/application.self-4d1ae3310563b7ad09ce23e84781bd13b2ad1dc022ac3c6ba062244662c529cf.css?body=1&livereload=1575249951617&livereload=1575249261889" for ::1 at 2019-12-01 17:25:51 -0800
Started GET "/assets/application.self-4d1ae3310563b7ad09ce23e84781bd13b2ad1dc022ac3c6ba062244662c529cf.css?body=1&livereload=1575249955398&livereload=1575249261889" for ::1 at 2019-12-01 17:25:55 -0800
Started GET "/assets/application.self-4d1ae3310563b7ad09ce23e84781bd13b2ad1dc022ac3c6ba062244662c529cf.css?body=1&livereload=1575249955399&livereload=1575249261889" for ::1 at 2019-12-01 17:25:55 -0800
Started GET "/assets/application.self-4d1ae3310563b7ad09ce23e84781bd13b2ad1dc022ac3c6ba062244662c529cf.css?body=1&livereload=1575249973342&livereload=1575249261889" for ::1 at 2019-12-01 17:26:13 -0800
Started GET "/assets/application.self-4d1ae3310563b7ad09ce23e84781bd13b2ad1dc022ac3c6ba062244662c529cf.css?body=1&livereload=1575249973343&livereload=1575249261889" for ::1 at 2019-12-01 17:26:13 -0800
Started GET "/assets/application.self-4d1ae3310563b7ad09ce23e84781bd13b2ad1dc022ac3c6ba062244662c529cf.css?body=1&livereload=1575250316270&livereload=1575249261889" for ::1 at 2019-12-01 17:31:56 -0800
Started GET "/assets/application.self-4d1ae3310563b7ad09ce23e84781bd13b2ad1dc022ac3c6ba062244662c529cf.css?body=1&livereload=1575250316271&livereload=1575249261889" for ::1 at 2019-12-01 17:31:56 -0800
Started GET "/assets/application.self-4d1ae3310563b7ad09ce23e84781bd13b2ad1dc022ac3c6ba062244662c529cf.css?body=1&livereload=1575250320241&livereload=1575249261889" for ::1 at 2019-12-01 17:32:00 -0800
Started GET "/assets/application.self-4d1ae3310563b7ad09ce23e84781bd13b2ad1dc022ac3c6ba062244662c529cf.css?body=1&livereload=1575250320242&livereload=1575249261889" for ::1 at 2019-12-01 17:32:00 -0800
Started GET "/assets/application.self-4d1ae3310563b7ad09ce23e84781bd13b2ad1dc022ac3c6ba062244662c529cf.css?body=1&livereload=1575250325312&livereload=1575249261889" for ::1 at 2019-12-01 17:32:05 -0800
Started GET "/assets/application.self-4d1ae3310563b7ad09ce23e84781bd13b2ad1dc022ac3c6ba062244662c529cf.css?body=1&livereload=1575250325313&livereload=1575249261889" for ::1 at 2019-12-01 17:32:05 -0800
Started GET "/assets/application.self-4d1ae3310563b7ad09ce23e84781bd13b2ad1dc022ac3c6ba062244662c529cf.css?body=1&livereload=1575250327162&livereload=1575249261889" for ::1 at 2019-12-01 17:32:07 -0800
Started GET "/assets/application.self-4d1ae3310563b7ad09ce23e84781bd13b2ad1dc022ac3c6ba062244662c529cf.css?body=1&livereload=1575250327163&livereload=1575249261889" for ::1 at 2019-12-01 17:32:07 -0800
Started GET "/assets/application.self-4d1ae3310563b7ad09ce23e84781bd13b2ad1dc022ac3c6ba062244662c529cf.css?body=1&livereload=1575250330112&livereload=1575249261889" for ::1 at 2019-12-01 17:32:10 -0800
Started GET "/assets/application.self-4d1ae3310563b7ad09ce23e84781bd13b2ad1dc022ac3c6ba062244662c529cf.css?body=1&livereload=1575250330114&livereload=1575249261889" for ::1 at 2019-12-01 17:32:10 -0800
Started GET "/assets/application.self-4d1ae3310563b7ad09ce23e84781bd13b2ad1dc022ac3c6ba062244662c529cf.css?body=1&livereload=1575250331687&livereload=1575249261889" for ::1 at 2019-12-01 17:32:11 -0800
Started GET "/assets/application.self-4d1ae3310563b7ad09ce23e84781bd13b2ad1dc022ac3c6ba062244662c529cf.css?body=1&livereload=1575250331688&livereload=1575249261889" for ::1 at 2019-12-01 17:32:11 -0800
Started GET "/assets/application.self-4d1ae3310563b7ad09ce23e84781bd13b2ad1dc022ac3c6ba062244662c529cf.css?body=1&livereload=1575250334467&livereload=1575249261889" for ::1 at 2019-12-01 17:32:14 -0800
Started GET "/assets/application.self-4d1ae3310563b7ad09ce23e84781bd13b2ad1dc022ac3c6ba062244662c529cf.css?body=1&livereload=1575250334468&livereload=1575249261889" for ::1 at 2019-12-01 17:32:14 -0800
Started GET "/assets/application.self-4d1ae3310563b7ad09ce23e84781bd13b2ad1dc022ac3c6ba062244662c529cf.css?body=1&livereload=1575250338096&livereload=1575249261889" for ::1 at 2019-12-01 17:32:18 -0800
Started GET "/assets/application.self-4d1ae3310563b7ad09ce23e84781bd13b2ad1dc022ac3c6ba062244662c529cf.css?body=1&livereload=1575250338098&livereload=1575249261889" for ::1 at 2019-12-01 17:32:18 -0800
Started GET "/assets/application.self-4d1ae3310563b7ad09ce23e84781bd13b2ad1dc022ac3c6ba062244662c529cf.css?body=1&livereload=1575250343306&livereload=1575249261889" for ::1 at 2019-12-01 17:32:23 -0800
Started GET "/assets/application.self-4d1ae3310563b7ad09ce23e84781bd13b2ad1dc022ac3c6ba062244662c529cf.css?body=1&livereload=1575250343306&livereload=1575249261889&livereload=1575250343306" for ::1 at 2019-12-01 17:32:23 -0800
Started GET "/assets/application.self-4d1ae3310563b7ad09ce23e84781bd13b2ad1dc022ac3c6ba062244662c529cf.css?body=1&livereload=1575250349705&livereload=1575249261889&livereload=1575250343306" for ::1 at 2019-12-01 17:32:29 -0800
Started GET "/assets/application.self-4d1ae3310563b7ad09ce23e84781bd13b2ad1dc022ac3c6ba062244662c529cf.css?body=1&livereload=1575250349707&livereload=1575249261889&livereload=1575250343306" for ::1 at 2019-12-01 17:32:29 -0800
Started GET "/assets/application.self-4d1ae3310563b7ad09ce23e84781bd13b2ad1dc022ac3c6ba062244662c529cf.css?body=1&livereload=1575250355734&livereload=1575249261889&livereload=1575250343306" for ::1 at 2019-12-01 17:32:35 -0800
Started GET "/assets/application.self-4d1ae3310563b7ad09ce23e84781bd13b2ad1dc022ac3c6ba062244662c529cf.css?body=1&livereload=1575250355735&livereload=1575249261889&livereload=1575250343306" for ::1 at 2019-12-01 17:32:35 -0800
Started GET "/assets/application.self-4d1ae3310563b7ad09ce23e84781bd13b2ad1dc022ac3c6ba062244662c529cf.css?body=1&livereload=1575250357963&livereload=1575249261889&livereload=1575250343306" for ::1 at 2019-12-01 17:32:37 -0800
Started GET "/assets/application.self-4d1ae3310563b7ad09ce23e84781bd13b2ad1dc022ac3c6ba062244662c529cf.css?body=1&livereload=1575250357964&livereload=1575249261889&livereload=1575250343306" for ::1 at 2019-12-01 17:32:37 -0800
Started GET "/assets/application.self-4d1ae3310563b7ad09ce23e84781bd13b2ad1dc022ac3c6ba062244662c529cf.css?body=1&livereload=1575250359901&livereload=1575249261889&livereload=1575250343306" for ::1 at 2019-12-01 17:32:39 -0800
Started GET "/assets/application.self-4d1ae3310563b7ad09ce23e84781bd13b2ad1dc022ac3c6ba062244662c529cf.css?body=1&livereload=1575250359902&livereload=1575249261889&livereload=1575250343306" for ::1 at 2019-12-01 17:32:39 -0800
